<!DOCTYPE html>
<html>
<head>
<meta http-equiv="Content-Type" content="text/html; charset=utf-8"/>
<meta http-equiv="x-ua-compatible" content="IE=edge"/>
<title>Test results - Class Autenticacion en OrangeHRM</title>
<link href="../css/base-style.css" rel="stylesheet" type="text/css"/>
<link href="../css/style.css" rel="stylesheet" type="text/css"/>
<script src="../js/report.js" type="text/javascript"></script>
</head>
<body>
<div id="content">
<h1>Class Autenticacion en OrangeHRM</h1>
<div class="breadcrumbs">
<a href="../index.html">all</a> &gt; 
<a href="../packages/default-package.html">default-package</a> &gt; Autenticacion en OrangeHRM</div>
<div id="summary">
<table>
<tr>
<td>
<div class="summaryGroup">
<table>
<tr>
<td>
<div class="infoBox" id="tests">
<div class="counter">4</div>
<p>tests</p>
</div>
</td>
<td>
<div class="infoBox" id="failures">
<div class="counter">4</div>
<p>failures</p>
</div>
</td>
<td>
<div class="infoBox" id="ignored">
<div class="counter">0</div>
<p>ignored</p>
</div>
</td>
<td>
<div class="infoBox" id="duration">
<div class="counter">1m14.05s</div>
<p>duration</p>
</div>
</td>
</tr>
</table>
</div>
</td>
<td>
<div class="infoBox failures" id="successRate">
<div class="percent">0%</div>
<p>successful</p>
</div>
</td>
</tr>
</table>
</div>
<div class="tab-container">
<ul class="tabLinks">
<li>
<a href="#">Failed tests</a>
</li>
<li>
<a href="#">Tests</a>
</li>
<li>
<a href="#">Standard error</a>
</li>
</ul>
<div class="tab">
<h2>Failed tests</h2>
<div class="test">
<a name="Filtrar por tipo de licencia y validar resultados"></a>
<h3 class="failures">Filtrar por tipo de licencia y validar resultados</h3>
<span class="code">
<pre>net.thucydides.core.webdriver.exceptions.ElementShouldBePresentException: Expected condition failed: waiting for By.xpath: //button[@type='submit' and .='Search'] to be present (tried for 15 second(s) with 100 milliseconds interval)
Build info: version: '4.16.1', revision: '9b4c83354e'
System info: os.name: 'Windows 11', os.arch: 'amd64', os.version: '10.0', java.version: '11.0.27'
Driver info: driver.version: unknown
	at app//net.serenitybdd.core.pages.WebElementFacadeImpl.throwShouldBePresentErrorWithCauseIfPresent(WebElementFacadeImpl.java:1039)
	at app//net.serenitybdd.core.pages.WebElementFacadeImpl.waitUntilPresent(WebElementFacadeImpl.java:1012)
	at app//net.serenitybdd.core.pages.WebElementFacadeImpl.waitUntilElementPresent(WebElementFacadeImpl.java:915)
	at app//net.serenitybdd.core.pages.WebElementFacadeImpl.click(WebElementFacadeImpl.java:1214)
	at app//net.serenitybdd.screenplay.actions.ClickOnTarget.performAs(ClickOnTarget.java:13)
	at app//net.serenitybdd.screenplay.actions.ClickOnTarget$ByteBuddy$51TKLf8M.performAs$accessor$MfqcPPqb(Unknown Source)
	at java.base@11.0.27/jdk.internal.reflect.NativeMethodAccessorImpl.invoke0(Native Method)
	at java.base@11.0.27/jdk.internal.reflect.NativeMethodAccessorImpl.invoke(NativeMethodAccessorImpl.java:62)
	at java.base@11.0.27/jdk.internal.reflect.DelegatingMethodAccessorImpl.invoke(DelegatingMethodAccessorImpl.java:43)
	at java.base@11.0.27/java.lang.reflect.Method.invoke(Method.java:566)
	at app//net.thucydides.core.steps.StepInterceptor.invokeMethod(StepInterceptor.java:524)
	at app//net.thucydides.core.steps.StepInterceptor.executeTestStepMethod(StepInterceptor.java:504)
	at app//net.thucydides.core.steps.StepInterceptor.runTestStep(StepInterceptor.java:476)
	at app//net.thucydides.core.steps.StepInterceptor.runOrSkipMethod(StepInterceptor.java:218)
	at app//net.thucydides.core.steps.StepInterceptor.testStepResult(StepInterceptor.java:205)
	at app//net.thucydides.core.steps.StepInterceptor.intercept(StepInterceptor.java:93)
	at app//net.thucydides.core.steps.ProxyConfiguration$InterceptorDispatcher.intercept(ProxyConfiguration.java:51)
	at app//net.serenitybdd.screenplay.actions.ClickOnTarget$ByteBuddy$51TKLf8M.performAs(Unknown Source)
	at app//net.serenitybdd.screenplay.Actor.performTask(Actor.java:299)
	at app//net.serenitybdd.screenplay.Actor.perform(Actor.java:274)
	at app//net.serenitybdd.screenplay.Actor.attemptsTo(Actor.java:215)
	at app//net.serenitybdd.screenplay.Actor.attemptsTo(Actor.java:222)
	at app//co.edu.udea.certificacion.recursoshumanos.stepdefinitions.LeaveStepDefinition.hagoClicEnElBoton(LeaveStepDefinition.java:85)
	at ✽.hago clic en el botón &quot;Search&quot;(file:///D:/Proyectos%20UDEA/Automation2/src/test/resources/features/login.feature:39)
Caused by: org.openqa.selenium.TimeoutException: Expected condition failed: waiting for By.xpath: //button[@type='submit' and .='Search'] to be present (tried for 15 second(s) with 100 milliseconds interval)
Build info: version: '4.16.1', revision: '9b4c83354e'
System info: os.name: 'Windows 11', os.arch: 'amd64', os.version: '10.0', java.version: '11.0.27'
Driver info: driver.version: unknown
	at app//org.openqa.selenium.support.ui.FluentWait.timeoutException(FluentWait.java:261)
	at app//org.openqa.selenium.support.ui.FluentWait.until(FluentWait.java:229)
	at app//net.serenitybdd.core.pages.WebElementFacadeImpl.waitUntilPresent(WebElementFacadeImpl.java:1009)
	at app//net.serenitybdd.core.pages.WebElementFacadeImpl.waitUntilElementPresent(WebElementFacadeImpl.java:915)
	at app//net.serenitybdd.core.pages.WebElementFacadeImpl.click(WebElementFacadeImpl.java:1214)
	at app//net.serenitybdd.screenplay.actions.ClickOnTarget.performAs(ClickOnTarget.java:13)
	at app//net.serenitybdd.screenplay.actions.ClickOnTarget$ByteBuddy$51TKLf8M.performAs$accessor$MfqcPPqb(Unknown Source)
	at java.base@11.0.27/jdk.internal.reflect.NativeMethodAccessorImpl.invoke0(Native Method)
	at java.base@11.0.27/jdk.internal.reflect.NativeMethodAccessorImpl.invoke(NativeMethodAccessorImpl.java:62)
	at java.base@11.0.27/jdk.internal.reflect.DelegatingMethodAccessorImpl.invoke(DelegatingMethodAccessorImpl.java:43)
	at java.base@11.0.27/java.lang.reflect.Method.invoke(Method.java:566)
	at app//net.thucydides.core.steps.StepInterceptor.invokeMethod(StepInterceptor.java:524)
	at app//net.thucydides.core.steps.StepInterceptor.executeTestStepMethod(StepInterceptor.java:504)
	at app//net.thucydides.core.steps.StepInterceptor.runTestStep(StepInterceptor.java:476)
	at app//net.thucydides.core.steps.StepInterceptor.runOrSkipMethod(StepInterceptor.java:218)
	at app//net.thucydides.core.steps.StepInterceptor.testStepResult(StepInterceptor.java:205)
	at app//net.thucydides.core.steps.StepInterceptor.intercept(StepInterceptor.java:93)
	at app//net.thucydides.core.steps.ProxyConfiguration$InterceptorDispatcher.intercept(ProxyConfiguration.java:51)
	at app//net.serenitybdd.screenplay.actions.ClickOnTarget$ByteBuddy$51TKLf8M.performAs(Unknown Source)
	at app//net.serenitybdd.screenplay.Actor.performTask(Actor.java:299)
	at app//net.serenitybdd.screenplay.Actor.perform(Actor.java:274)
	at app//net.serenitybdd.screenplay.Actor.attemptsTo(Actor.java:215)
	at app//net.serenitybdd.screenplay.Actor.attemptsTo(Actor.java:222)
	at app//co.edu.udea.certificacion.recursoshumanos.stepdefinitions.LeaveStepDefinition.hagoClicEnElBoton(LeaveStepDefinition.java:85)
	at java.base@11.0.27/jdk.internal.reflect.NativeMethodAccessorImpl.invoke0(Native Method)
	at java.base@11.0.27/jdk.internal.reflect.NativeMethodAccessorImpl.invoke(NativeMethodAccessorImpl.java:62)
	at java.base@11.0.27/jdk.internal.reflect.DelegatingMethodAccessorImpl.invoke(DelegatingMethodAccessorImpl.java:43)
	at java.base@11.0.27/java.lang.reflect.Method.invoke(Method.java:566)
	at app//io.cucumber.java.Invoker.doInvoke(Invoker.java:66)
	at app//io.cucumber.java.Invoker.invoke(Invoker.java:24)
	at app//io.cucumber.java.AbstractGlueDefinition.invokeMethod(AbstractGlueDefinition.java:47)
	at app//io.cucumber.java.JavaStepDefinition.execute(JavaStepDefinition.java:29)
	at app//io.cucumber.core.runner.CoreStepDefinition.execute(CoreStepDefinition.java:66)
	at app//io.cucumber.core.runner.PickleStepDefinitionMatch.runStep(PickleStepDefinitionMatch.java:63)
	at app//io.cucumber.core.runner.ExecutionMode$1.execute(ExecutionMode.java:10)
	at app//io.cucumber.core.runner.TestStep.executeStep(TestStep.java:84)
	at app//io.cucumber.core.runner.TestStep.run(TestStep.java:56)
	at app//io.cucumber.core.runner.PickleStepTestStep.run(PickleStepTestStep.java:51)
	at app//io.cucumber.core.runner.TestCase.run(TestCase.java:84)
	at app//io.cucumber.core.runner.Runner.runPickle(Runner.java:75)
	at app//io.cucumber.junit.PickleRunners$NoStepDescriptions.lambda$run$0(PickleRunners.java:151)
	at app//io.cucumber.core.runtime.CucumberExecutionContext.lambda$runTestCase$5(CucumberExecutionContext.java:137)
	at app//io.cucumber.core.runtime.RethrowingThrowableCollector.executeAndThrow(RethrowingThrowableCollector.java:23)
	at app//io.cucumber.core.runtime.CucumberExecutionContext.runTestCase(CucumberExecutionContext.java:137)
	at app//io.cucumber.junit.PickleRunners$NoStepDescriptions.run(PickleRunners.java:148)
	at app//io.cucumber.junit.FeatureRunner.runChild(FeatureRunner.java:144)
	at app//io.cucumber.junit.FeatureRunner.runChild(FeatureRunner.java:28)
	at app//org.junit.runners.ParentRunner$4.run(ParentRunner.java:331)
	at app//org.junit.runners.ParentRunner$1.schedule(ParentRunner.java:79)
	at app//org.junit.runners.ParentRunner.runChildren(ParentRunner.java:329)
	at app//org.junit.runners.ParentRunner.access$100(ParentRunner.java:66)
	at app//org.junit.runners.ParentRunner$2.evaluate(ParentRunner.java:293)
	at app//org.junit.runners.ParentRunner$3.evaluate(ParentRunner.java:306)
	at app//org.junit.runners.ParentRunner.run(ParentRunner.java:413)
	at app//io.cucumber.junit.FeatureRunner.run(FeatureRunner.java:137)
	at app//io.cucumber.junit.CucumberSerenityBaseRunner.runChild(CucumberSerenityBaseRunner.java:332)
	at app//io.cucumber.junit.CucumberSerenityBaseRunner.runChild(CucumberSerenityBaseRunner.java:53)
	at app//org.junit.runners.ParentRunner$4.run(ParentRunner.java:331)
	at app//org.junit.runners.ParentRunner$1.schedule(ParentRunner.java:79)
	at app//org.junit.runners.ParentRunner.runChildren(ParentRunner.java:329)
	at app//org.junit.runners.ParentRunner.access$100(ParentRunner.java:66)
	at app//org.junit.runners.ParentRunner$2.evaluate(ParentRunner.java:293)
	at app//io.cucumber.junit.CucumberSerenityBaseRunner$RunCucumber.evaluate(CucumberSerenityBaseRunner.java:363)
	at app//org.junit.runners.ParentRunner$3.evaluate(ParentRunner.java:306)
	at app//org.junit.runners.ParentRunner.run(ParentRunner.java:413)
	at org.gradle.api.internal.tasks.testing.junit.JUnitTestClassExecutor.runTestClass(JUnitTestClassExecutor.java:112)
	at org.gradle.api.internal.tasks.testing.junit.JUnitTestClassExecutor.execute(JUnitTestClassExecutor.java:58)
	at org.gradle.api.internal.tasks.testing.junit.JUnitTestClassExecutor.execute(JUnitTestClassExecutor.java:40)
	at org.gradle.api.internal.tasks.testing.junit.AbstractJUnitTestClassProcessor.processTestClass(AbstractJUnitTestClassProcessor.java:54)
	at org.gradle.api.internal.tasks.testing.SuiteTestClassProcessor.processTestClass(SuiteTestClassProcessor.java:53)
	at java.base@11.0.27/jdk.internal.reflect.NativeMethodAccessorImpl.invoke0(Native Method)
	at java.base@11.0.27/jdk.internal.reflect.NativeMethodAccessorImpl.invoke(NativeMethodAccessorImpl.java:62)
	at java.base@11.0.27/jdk.internal.reflect.DelegatingMethodAccessorImpl.invoke(DelegatingMethodAccessorImpl.java:43)
	at java.base@11.0.27/java.lang.reflect.Method.invoke(Method.java:566)
	at org.gradle.internal.dispatch.ReflectionDispatch.dispatch(ReflectionDispatch.java:36)
	at org.gradle.internal.dispatch.ReflectionDispatch.dispatch(ReflectionDispatch.java:24)
	at org.gradle.internal.dispatch.ContextClassLoaderDispatch.dispatch(ContextClassLoaderDispatch.java:33)
	at org.gradle.internal.dispatch.ProxyDispatchAdapter$DispatchingInvocationHandler.invoke(ProxyDispatchAdapter.java:92)
	at com.sun.proxy.$Proxy4.processTestClass(Unknown Source)
	at org.gradle.api.internal.tasks.testing.worker.TestWorker$2.run(TestWorker.java:183)
	at org.gradle.api.internal.tasks.testing.worker.TestWorker.executeAndMaintainThreadName(TestWorker.java:132)
	at org.gradle.api.internal.tasks.testing.worker.TestWorker.execute(TestWorker.java:103)
	at org.gradle.api.internal.tasks.testing.worker.TestWorker.execute(TestWorker.java:63)
	at org.gradle.process.internal.worker.child.ActionExecutionWorker.execute(ActionExecutionWorker.java:56)
	at org.gradle.process.internal.worker.child.SystemApplicationClassLoaderWorker.call(SystemApplicationClassLoaderWorker.java:121)
	at org.gradle.process.internal.worker.child.SystemApplicationClassLoaderWorker.call(SystemApplicationClassLoaderWorker.java:71)
	at app//worker.org.gradle.process.internal.worker.GradleWorkerMain.run(GradleWorkerMain.java:69)
	at app//worker.org.gradle.process.internal.worker.GradleWorkerMain.main(GradleWorkerMain.java:74)
</pre>
</span>
</div>
<div class="test">
<a name="Login exitoso con credenciales válidas"></a>
<h3 class="failures">Login exitoso con credenciales válidas</h3>
<span class="code">
<pre>java.lang.AssertionError: 
Expected: an element that is visible
     but: no matching element found by [Login button located with: xpath: //*[@id='app']/div[1]/div/div[1]/div/div[2]/div[2]/form/div[3]/button]
	at org.hamcrest.MatcherAssert.assertThat(MatcherAssert.java:20)
	at org.hamcrest.MatcherAssert.assertThat(MatcherAssert.java:8)
	at net.serenitybdd.screenplay.QuestionConsequence.evaluateFor(QuestionConsequence.java:49)
	at net.serenitybdd.screenplay.EventualConsequence.evaluateFor(EventualConsequence.java:59)
	at net.serenitybdd.screenplay.Actor.check(Actor.java:420)
	at net.serenitybdd.screenplay.Actor.should(Actor.java:392)
	at net.serenitybdd.screenplay.waits.WaitUntilBuilder$1.performAs(WaitUntilBuilder.java:29)
	at net.serenitybdd.screenplay.Actor.performTask(Actor.java:299)
	at net.serenitybdd.screenplay.Actor.perform(Actor.java:274)
	at net.serenitybdd.screenplay.Actor.performSilently(Actor.java:254)
	at net.serenitybdd.screenplay.Actor.attemptsTo(Actor.java:211)
	at net.serenitybdd.screenplay.Actor.attemptsTo(Actor.java:222)
	at co.edu.udea.certificacion.recursoshumanos.tasks.Login$ClickLoginButton.performAs(Login.java:51)
	at co.edu.udea.certificacion.recursoshumanos.tasks.Login$ClickLoginButton$ByteBuddy$VZb8t6Sr.performAs$accessor$DU37Ckt9(Unknown Source)
	at java.base/jdk.internal.reflect.NativeMethodAccessorImpl.invoke0(Native Method)
	at java.base/jdk.internal.reflect.NativeMethodAccessorImpl.invoke(NativeMethodAccessorImpl.java:62)
	at java.base/jdk.internal.reflect.DelegatingMethodAccessorImpl.invoke(DelegatingMethodAccessorImpl.java:43)
	at java.base/java.lang.reflect.Method.invoke(Method.java:566)
	at net.thucydides.core.steps.StepInterceptor.invokeMethod(StepInterceptor.java:524)
	at net.thucydides.core.steps.StepInterceptor.executeTestStepMethod(StepInterceptor.java:504)
	at net.thucydides.core.steps.StepInterceptor.runTestStep(StepInterceptor.java:476)
	at net.thucydides.core.steps.StepInterceptor.runOrSkipMethod(StepInterceptor.java:218)
	at net.thucydides.core.steps.StepInterceptor.testStepResult(StepInterceptor.java:205)
	at net.thucydides.core.steps.StepInterceptor.intercept(StepInterceptor.java:93)
	at net.thucydides.core.steps.ProxyConfiguration$InterceptorDispatcher.intercept(ProxyConfiguration.java:51)
	at co.edu.udea.certificacion.recursoshumanos.tasks.Login$ClickLoginButton$ByteBuddy$VZb8t6Sr.performAs(Unknown Source)
	at net.serenitybdd.screenplay.Actor.performTask(Actor.java:299)
	at net.serenitybdd.screenplay.Actor.perform(Actor.java:274)
	at net.serenitybdd.screenplay.Actor.attemptsTo(Actor.java:215)
	at net.serenitybdd.screenplay.Actor.attemptsTo(Actor.java:222)
	at co.edu.udea.certificacion.recursoshumanos.stepdefinitions.LoginStepDefinition.hagoClicEnElBoton(LoginStepDefinition.java:51)
	at ✽.hago clic en el boton &quot;Login&quot;(file:///D:/Proyectos%20UDEA/Automation2/src/test/resources/features/login.feature:11)
</pre>
</span>
</div>
<div class="test">
<a name="Navegar al módulo Leave y verificar su carga"></a>
<h3 class="failures">Navegar al módulo Leave y verificar su carga</h3>
<span class="code">
<pre>java.lang.AssertionError: 
Expected: is &lt;true&gt;
     but: was &lt;false&gt;
	at net.serenitybdd.screenplay.ErrorTally.throwSummaryExceptionFrom(ErrorTally.java:38)
	at net.serenitybdd.screenplay.ErrorTally.reportAnyErrors(ErrorTally.java:32)
	at net.serenitybdd.screenplay.Actor.should(Actor.java:397)
	at co.edu.udea.certificacion.recursoshumanos.stepdefinitions.LeaveStepDefinition.laPaginaSeCargaCompletamente(LeaveStepDefinition.java:38)
	at ✽.la página se carga completamente(file:///D:/Proyectos%20UDEA/Automation2/src/test/resources/features/login.feature:31)
</pre>
</span>
</div>
<div class="test">
<a name="Validar elementos del dashboard después del login"></a>
<h3 class="failures">Validar elementos del dashboard después del login</h3>
<span class="code">
<pre>java.lang.AssertionError: 
Expected: an element that is visible
     but: no matching element found by [Username field located with: xpath: //*[@id='app']/div[1]/div/div[1]/div/div[2]/div[2]/form/div[1]/div/div[2]/input]
	at org.hamcrest.MatcherAssert.assertThat(MatcherAssert.java:20)
	at org.hamcrest.MatcherAssert.assertThat(MatcherAssert.java:8)
	at net.serenitybdd.screenplay.QuestionConsequence.evaluateFor(QuestionConsequence.java:49)
	at net.serenitybdd.screenplay.EventualConsequence.evaluateFor(EventualConsequence.java:59)
	at net.serenitybdd.screenplay.Actor.check(Actor.java:420)
	at net.serenitybdd.screenplay.Actor.should(Actor.java:392)
	at net.serenitybdd.screenplay.waits.WaitUntilBuilder$1.performAs(WaitUntilBuilder.java:29)
	at net.serenitybdd.screenplay.Actor.performTask(Actor.java:299)
	at net.serenitybdd.screenplay.Actor.perform(Actor.java:274)
	at net.serenitybdd.screenplay.Actor.performSilently(Actor.java:254)
	at net.serenitybdd.screenplay.Actor.attemptsTo(Actor.java:211)
	at net.serenitybdd.screenplay.Actor.attemptsTo(Actor.java:222)
	at co.edu.udea.certificacion.recursoshumanos.tasks.Login.performAs(Login.java:20)
	at co.edu.udea.certificacion.recursoshumanos.tasks.Login$ByteBuddy$hAfu9Djn.performAs$accessor$wbYqX7oQ(Unknown Source)
	at java.base/jdk.internal.reflect.NativeMethodAccessorImpl.invoke0(Native Method)
	at java.base/jdk.internal.reflect.NativeMethodAccessorImpl.invoke(NativeMethodAccessorImpl.java:62)
	at java.base/jdk.internal.reflect.DelegatingMethodAccessorImpl.invoke(DelegatingMethodAccessorImpl.java:43)
	at java.base/java.lang.reflect.Method.invoke(Method.java:566)
	at net.thucydides.core.steps.StepInterceptor.invokeMethod(StepInterceptor.java:524)
	at net.thucydides.core.steps.StepInterceptor.executeTestStepMethod(StepInterceptor.java:504)
	at net.thucydides.core.steps.StepInterceptor.runTestStep(StepInterceptor.java:476)
	at net.thucydides.core.steps.StepInterceptor.runOrSkipMethod(StepInterceptor.java:218)
	at net.thucydides.core.steps.StepInterceptor.testStepResult(StepInterceptor.java:205)
	at net.thucydides.core.steps.StepInterceptor.intercept(StepInterceptor.java:93)
	at net.thucydides.core.steps.ProxyConfiguration$InterceptorDispatcher.intercept(ProxyConfiguration.java:51)
	at co.edu.udea.certificacion.recursoshumanos.tasks.Login$ByteBuddy$hAfu9Djn.performAs(Unknown Source)
	at net.serenitybdd.screenplay.Actor.performTask(Actor.java:299)
	at net.serenitybdd.screenplay.Actor.perform(Actor.java:274)
	at net.serenitybdd.screenplay.Actor.attemptsTo(Actor.java:215)
	at net.serenitybdd.screenplay.Actor.attemptsTo(Actor.java:222)
	at co.edu.udea.certificacion.recursoshumanos.stepdefinitions.LoginStepDefinition.ingresoCredencialesValidasYMeAutentico(LoginStepDefinition.java:72)
	at ✽.ingreso credenciales validas y me autentico(file:///D:/Proyectos%20UDEA/Automation2/src/test/resources/features/login.feature:17)
</pre>
</span>
</div>
</div>
<div class="tab">
<h2>Tests</h2>
<table>
<thead>
<tr>
<th>Test</th>
<th>Duration</th>
<th>Result</th>
</tr>
</thead>
<tr>
<td class="failures">Filtrar por tipo de licencia y validar resultados</td>
<td class="failures">23.393s</td>
<td class="failures">failed</td>
</tr>
<tr>
<td class="failures">Login exitoso con credenciales válidas</td>
<td class="failures">25.667s</td>
<td class="failures">failed</td>
</tr>
<tr>
<td class="failures">Navegar al módulo Leave y verificar su carga</td>
<td class="failures">12.724s</td>
<td class="failures">failed</td>
</tr>
<tr>
<td class="failures">Validar elementos del dashboard después del login</td>
<td class="failures">12.262s</td>
<td class="failures">failed</td>
</tr>
</table>
</div>
<div class="tab">
<h2>Standard error</h2>
<span class="code">
<pre>[Test worker] INFO  - 
  _____   ___   ___   _____     ___   _____     _     ___   _____   ___   ___  
 |_   _| | __| / __| |_   _|   / __| |_   _|   /_\   | _ \ |_   _| | __| |   \ 
   | |   | _|  \__ \   | |     \__ \   | |    / _ \  |   /   | |   | _|  | |) |
   |_|   |___| |___/   |_|     |___/   |_|   /_/ \_\ |_|_\   |_|   |___| |___/ 

Login exitoso con credenciales válidas(autenticacion-en-orangehrm;login-exitoso-con-credenciales-válidas)
--------------------------------------------------------------------------------
[Test worker] INFO net.serenitybdd.core.webdriver.driverproviders.ChromeDriverProvider - Starting Chrome driver instance with capabilities:
[Test worker] INFO net.serenitybdd.core.webdriver.driverproviders.ChromeDriverProvider - Capabilities {acceptInsecureCerts: true, browserName: chrome, goog:chromeOptions: {args: [remote-allow-origins=*, --disable-popup-blocking,--...], extensions: []}}
jul. 06, 2025 5:19:57 P. M. org.openqa.selenium.devtools.CdpVersionFinder findNearestMatch
ADVERTENCIA: Unable to find CDP implementation matching 138
jul. 06, 2025 5:19:57 P. M. org.openqa.selenium.chromium.ChromiumDriver lambda$new$5
ADVERTENCIA: Unable to find version of CDP to use for 138.0.7204.97. You may need to include a dependency on a specific version of the CDP using something similar to `org.seleniumhq.selenium:selenium-devtools-v86:4.16.1` where the version (&quot;v86&quot;) matches the version of the chromium-based browser you're using and the version number of the artifact is the same as Selenium's.
[Test worker] ERROR  - ?[91m
  _____   ___   ___   _____     ___     _     ___   _      ___   ___  
 |_   _| | __| / __| |_   _|   | __|   /_\   |_ _| | |    | __| |   \ 
   | |   | _|  \__ \   | |     | _|   / _ \   | |  | |__  | _|  | |) |
   |_|   |___| |___/   |_|     |_|   /_/ \_\ |___| |____| |___| |___/ 

Login exitoso con credenciales válidas
-----------------------------------------------------------------------?[0m
[Test worker] ERROR  - ?[91m    Test failed at step: User click login button?[0m
[Test worker] ERROR  - ?[91m    Expected: an element that is visible but: no matching element found by [Login button located with: xpath: //*[@id='app']/div[1]/div/div[1]/div/div[2]/div[2]/form/div[3]/button]?[0m
[Test worker] INFO  - 
  _____   ___   ___   _____     ___   _____     _     ___   _____   ___   ___  
 |_   _| | __| / __| |_   _|   / __| |_   _|   /_\   | _ \ |_   _| | __| |   \ 
   | |   | _|  \__ \   | |     \__ \   | |    / _ \  |   /   | |   | _|  | |) |
   |_|   |___| |___/   |_|     |___/   |_|   /_/ \_\ |_|_\   |_|   |___| |___/ 

Validar elementos del dashboard después del login(autenticacion-en-orangehrm;validar-elementos-del-dashboard-después-del-login)
--------------------------------------------------------------------------------
[Test worker] ERROR  - ?[91m
  _____   ___   ___   _____     ___     _     ___   _      ___   ___  
 |_   _| | __| / __| |_   _|   | __|   /_\   |_ _| | |    | __| |   \ 
   | |   | _|  \__ \   | |     | _|   / _ \   | |  | |__  | _|  | |) |
   |_|   |___| |___/   |_|     |_|   /_/ \_\ |___| |____| |___| |___/ 

Validar elementos del dashboard después del login
-----------------------------------------------------------------------?[0m
[Test worker] ERROR  - ?[91m    Test failed at step: User login?[0m
[Test worker] ERROR  - ?[91m    Expected: an element that is visible but: no matching element found by [Username field located with: xpath: //*[@id='app']/div[1]/div/div[1]/div/div[2]/div[2]/form/div[1]/div/div[2]/input]?[0m
[Test worker] INFO  - 
  _____   ___   ___   _____     ___   _____     _     ___   _____   ___   ___  
 |_   _| | __| / __| |_   _|   / __| |_   _|   /_\   | _ \ |_   _| | __| |   \ 
   | |   | _|  \__ \   | |     \__ \   | |    / _ \  |   /   | |   | _|  | |) |
   |_|   |___| |___/   |_|     |___/   |_|   /_/ \_\ |_|_\   |_|   |___| |___/ 

Navegar al módulo Leave y verificar su carga(autenticacion-en-orangehrm;navegar-al-módulo-leave-y-verificar-su-carga)
--------------------------------------------------------------------------------
[Test worker] ERROR  - ?[91m
  _____   ___   ___   _____     ___     _     ___   _      ___   ___  
 |_   _| | __| / __| |_   _|   | __|   /_\   |_ _| | |    | __| |   \ 
   | |   | _|  \__ \   | |     | _|   / _ \   | |  | |__  | _|  | |) |
   |_|   |___| |___/   |_|     |_|   /_/ \_\ |___| |____| |___| |___/ 

Navegar al módulo Leave y verificar su carga
-----------------------------------------------------------------------?[0m
[Test worker] ERROR  - ?[91m    Test failed at step: Then visibility of Leave List title should be (true)?[0m
[Test worker] ERROR  - ?[91m    Expected: is &lt;true&gt; but: was &lt;false&gt;?[0m
[Test worker] INFO  - 
  _____   ___   ___   _____     ___   _____     _     ___   _____   ___   ___  
 |_   _| | __| / __| |_   _|   / __| |_   _|   /_\   | _ \ |_   _| | __| |   \ 
   | |   | _|  \__ \   | |     \__ \   | |    / _ \  |   /   | |   | _|  | |) |
   |_|   |___| |___/   |_|     |___/   |_|   /_/ \_\ |_|_\   |_|   |___| |___/ 

Filtrar por tipo de licencia y validar resultados(autenticacion-en-orangehrm;filtrar-por-tipo-de-licencia-y-validar-resultados)
--------------------------------------------------------------------------------
[Test worker] ERROR  - ?[91m
  _____   ___   ___   _____     ___     _     ___   _      ___   ___  
 |_   _| | __| / __| |_   _|   | __|   /_\   |_ _| | |    | __| |   \ 
   | |   | _|  \__ \   | |     | _|   / _ \   | |  | |__  | _|  | |) |
   |_|   |___| |___/   |_|     |_|   /_/ \_\ |___| |____| |___| |___/ 

Filtrar por tipo de licencia y validar resultados
-----------------------------------------------------------------------?[0m
[Test worker] ERROR  - ?[91m    Test failed at step: user clicks on Search button?[0m
[Test worker] ERROR  - ?[91m    Expected condition failed: waiting for By.xpath: //button[@type='submit' and .='Search'] to be present (tried for 15 second(s) with 100 milliseconds interval)Build info: version: '4.16.1', revision: '9b4c83354e'System info: os.name: 'Windows 11', os.arch: 'amd64', os.version: '10.0', java.version: '11.0.27'Driver info: driver.version: unknown?[0m
</pre>
</span>
</div>
</div>
<div id="footer">
<p>
<div>
<label class="hidden" id="label-for-line-wrapping-toggle" for="line-wrapping-toggle">Wrap lines
<input id="line-wrapping-toggle" type="checkbox" autocomplete="off"/>
</label>
</div>Generated by 
<a href="https://www.gradle.org">Gradle 8.13</a> at 6/07/2025, 5:21:06 p. m.</p>
</div>
</div>
</body>
</html>
